0 info it worked if it ends with ok
1 verbose cli [ '/usr/local/bin/node', '/usr/local/bin/npm', 'run', 'seed' ]
2 info using npm@3.9.5
3 info using node@v6.2.2
4 verbose run-script [ 'preseed', 'seed', 'postseed' ]
5 info lifecycle mini3b-express-apidotyou@0.0.0~preseed: mini3b-express-apidotyou@0.0.0
6 silly lifecycle mini3b-express-apidotyou@0.0.0~preseed: no script for preseed, continuing
7 info lifecycle mini3b-express-apidotyou@0.0.0~seed: mini3b-express-apidotyou@0.0.0
8 verbose lifecycle mini3b-express-apidotyou@0.0.0~seed: unsafe-perm in lifecycle true
9 verbose lifecycle mini3b-express-apidotyou@0.0.0~seed: PATH: /usr/local/lib/node_modules/npm/bin/node-gyp-bin:/Users/yazidismail/Dropbox/projects/WDI3/Week6/mini3b-express-apidotyou/node_modules/.bin:/usr/local/bin:/Users/yazidismail/.rvm/gems/ruby-2.3.0/bin:/Users/yazidismail/.rvm/gems/ruby-2.3.0@global/bin:/Users/yazidismail/.rvm/rubies/ruby-2.3.0/bin:/usr/local/bin:/usr/bin:/bin:/usr/sbin:/sbin:/Applications/Postgres.app/Contents/Versions/latest/bin:/Users/yazidismail/.rvm/bin
10 verbose lifecycle mini3b-express-apidotyou@0.0.0~seed: CWD: /Users/yazidismail/Dropbox/projects/WDI3/Week6/mini3b-express-apidotyou
11 silly lifecycle mini3b-express-apidotyou@0.0.0~seed: Args: [ '-c', 'node models/seed.js' ]
12 silly lifecycle mini3b-express-apidotyou@0.0.0~seed: Returned: code: 1  signal: null
13 info lifecycle mini3b-express-apidotyou@0.0.0~seed: Failed to exec seed script
14 verbose stack Error: mini3b-express-apidotyou@0.0.0 seed: `node models/seed.js`
14 verbose stack Exit status 1
14 verbose stack     at EventEmitter.<anonymous> (/usr/local/lib/node_modules/npm/lib/utils/lifecycle.js:245:16)
14 verbose stack     at emitTwo (events.js:106:13)
14 verbose stack     at EventEmitter.emit (events.js:191:7)
14 verbose stack     at ChildProcess.<anonymous> (/usr/local/lib/node_modules/npm/lib/utils/spawn.js:24:14)
14 verbose stack     at emitTwo (events.js:106:13)
14 verbose stack     at ChildProcess.emit (events.js:191:7)
14 verbose stack     at maybeClose (internal/child_process.js:852:16)
14 verbose stack     at Process.ChildProcess._handle.onexit (internal/child_process.js:215:5)
15 verbose pkgid mini3b-express-apidotyou@0.0.0
16 verbose cwd /Users/yazidismail/Dropbox/projects/WDI3/Week6/mini3b-express-apidotyou
17 error Darwin 15.6.0
18 error argv "/usr/local/bin/node" "/usr/local/bin/npm" "run" "seed"
19 error node v6.2.2
20 error npm  v3.9.5
21 error code ELIFECYCLE
22 error mini3b-express-apidotyou@0.0.0 seed: `node models/seed.js`
22 error Exit status 1
23 error Failed at the mini3b-express-apidotyou@0.0.0 seed script 'node models/seed.js'.
23 error Make sure you have the latest version of node.js and npm installed.
23 error If you do, this is most likely a problem with the mini3b-express-apidotyou package,
23 error not with npm itself.
23 error Tell the author that this fails on your system:
23 error     node models/seed.js
23 error You can get information on how to open an issue for this project with:
23 error     npm bugs mini3b-express-apidotyou
23 error Or if that isn't available, you can get their info via:
23 error     npm owner ls mini3b-express-apidotyou
23 error There is likely additional logging output above.
24 verbose exit [ 1, true ]
